SF:lib\main.dart
DA:8,0
DA:9,0
DA:10,0
DA:12,0
DA:16,2
DA:18,1
DA:19,1
DA:25,1
DA:26,2
DA:27,1
DA:31,1
DA:33,1
DA:35,1
DA:36,1
DA:39,1
DA:40,1
DA:45,1
DA:47,2
DA:55,1
DA:57,1
DA:58,1
DA:66,1
DA:68,1
DA:69,2
DA:73,3
DA:77,1
DA:79,1
DA:80,3
DA:81,1
DA:82,1
DA:83,1
DA:84,2
DA:85,1
LF:33
LH:29
end_of_record
SF:lib\widgets\bar_info_page.dart
DA:4,1
DA:6,1
LF:2
LH:2
end_of_record
SF:lib\widgets\setup_crawl_page.dart
DA:4,1
DA:6,1
DA:8,1
DA:9,1
DA:12,1
DA:14,1
DA:16,1
DA:22,1
DA:23,1
DA:25,1
DA:29,1
DA:30,1
DA:32,1
DA:33,1
DA:41,1
DA:42,1
DA:44,1
DA:45,1
DA:46,1
DA:47,3
DA:48,1
DA:53,1
DA:54,0
DA:57,1
DA:60,1
DA:62,1
DA:63,0
DA:66,1
LF:28
LH:26
end_of_record
SF:lib\widgets\map_page.dart
DA:10,1
DA:12,0
DA:13,0
DA:24,0
DA:26,0
DA:27,0
DA:30,0
DA:32,0
DA:33,0
DA:36,0
DA:41,0
DA:43,0
DA:47,0
DA:48,0
DA:49,0
DA:50,0
DA:51,0
DA:56,0
DA:57,0
DA:61,0
DA:62,0
DA:63,0
DA:64,0
DA:65,0
DA:68,0
DA:69,0
DA:72,0
DA:73,0
DA:74,0
DA:80,0
DA:81,0
DA:83,0
DA:84,0
DA:85,0
DA:90,0
DA:96,0
DA:97,0
DA:98,0
DA:99,0
DA:100,0
DA:103,0
DA:104,0
DA:105,0
DA:106,0
DA:107,0
DA:108,0
DA:109,0
DA:113,0
DA:114,0
DA:115,0
DA:116,0
DA:122,0
DA:123,0
DA:124,0
DA:125,0
DA:126,0
DA:130,0
DA:131,0
DA:133,0
DA:134,0
DA:137,0
DA:139,0
DA:140,0
DA:141,0
DA:150,0
DA:151,0
DA:152,0
DA:153,0
DA:154,0
DA:158,0
DA:159,0
DA:161,0
DA:162,0
DA:165,0
DA:167,0
DA:168,0
DA:169,0
DA:178,0
DA:179,0
DA:180,0
DA:181,0
DA:182,0
DA:186,0
DA:187,0
DA:189,0
DA:190,0
DA:193,0
DA:195,0
DA:196,0
DA:197,0
DA:206,0
DA:208,0
DA:209,0
DA:210,0
DA:211,0
DA:212,0
DA:214,0
DA:217,0
DA:218,0
DA:224,0
DA:226,0
DA:227,0
DA:228,0
DA:229,0
DA:235,0
DA:236,0
DA:237,0
DA:238,0
DA:241,0
DA:246,0
DA:257,0
DA:258,0
DA:261,0
DA:262,0
DA:266,0
DA:268,0
DA:269,0
DA:270,0
DA:272,0
DA:273,0
LF:120
LH:1
end_of_record
SF:lib\widgets\settings_page.dart
DA:7,1
DA:9,1
DA:11,1
DA:12,1
DA:15,1
DA:16,1
DA:17,1
DA:18,1
DA:19,1
DA:20,1
DA:22,1
DA:26,0
DA:27,0
DA:30,1
DA:34,0
DA:35,0
DA:37,0
DA:38,0
DA:42,1
DA:43,1
DA:44,1
DA:45,1
DA:47,1
DA:48,1
DA:49,1
DA:50,1
DA:61,0
DA:63,0
DA:65,0
DA:67,0
DA:69,0
DA:70,0
DA:72,0
DA:73,0
DA:74,0
DA:77,0
DA:79,0
DA:80,0
DA:81,0
LF:39
LH:20
end_of_record
SF:lib\config.dart
DA:4,0
DA:5,0
LF:2
LH:0
end_of_record
